2026-01-16 13:54:31 [WARNING] BUFFER CAPTURADO ANTES DO JSON: ` em arquivos que contêm apenas código PHP.
2026-01-16 13:54:32 [WARNING] BUFFER CAPTURADO ANTES DO JSON (SUCCESS): ` em arquivos que contêm apenas código PHP.
2026-01-16 14:01:57 [WARNING] BUFFER CAPTURADO ANTES DO JSON: ` em arquivos que contêm apenas código PHP.
2026-01-16 14:01:58 [WARNING] BUFFER CAPTURADO ANTES DO JSON (SUCCESS): ` em arquivos que contêm apenas código PHP.
2026-01-28 10:28:08 [WARNING] BUFFER CAPTURADO ANTES DO JSON (SUCCESS): DEBUG_CONFIG: INÍCIO DO ARQUIVO config.php - VERSÃO 2024-03-01<br>DEBUG_CONFIG: FIM DO ARQUIVO config.php<br>
2026-02-02 11:08:47 [WARNING] BUFFER CAPTURADO ANTES DO JSON (SUCCESS): DEBUG_CONFIG: INÍCIO DO ARQUIVO config.php - VERSÃO 2024-03-01<br>DEBUG_CONFIG: FIM DO ARQUIVO config.php<br>
2026-02-06 11:29:46 [WARNING] BUFFER CAPTURADO ANTES DO JSON: DEBUG_CONFIG: INÍCIO DO ARQUIVO config.php - VERSÃO 2024-03-01<br>DEBUG_CONFIG: FIM DO ARQUIVO config.php<br>
2026-03-02 09:01:29 [WARNING] BUFFER CAPTURADO ANTES DO JSON (SUCCESS): DEBUG_CONFIG: INÍCIO DO ARQUIVO config.php - VERSÃO 2024-03-01<br>DEBUG_CONFIG: FIM DO ARQUIVO config.php<br>
2026-03-04 10:03:17 [WARNING] BUFFER CAPTURADO ANTES DO JSON: DEBUG_CONFIG: INÍCIO DO ARQUIVO config.php - VERSÃO 2024-03-01<br>DEBUG_CONFIG: FIM DO ARQUIVO config.php<br>
2026-03-04 10:03:34 [WARNING] BUFFER CAPTURADO ANTES DO JSON (SUCCESS): DEBUG_CONFIG: INÍCIO DO ARQUIVO config.php - VERSÃO 2024-03-01<br>DEBUG_CONFIG: FIM DO ARQUIVO config.php<br>
2026-03-04 11:53:43 [WARNING] BUFFER CAPTURADO ANTES DO JSON (SUCCESS): DEBUG_CONFIG: INÍCIO DO ARQUIVO config.php - VERSÃO 2024-03-01<br>DEBUG_CONFIG: FIM DO ARQUIVO config.php<br>
2026-03-11 14:47:41 [WARNING] BUFFER CAPTURADO ANTES DO JSON (SUCCESS): DEBUG_CONFIG: INÍCIO DO ARQUIVO config.php - VERSÃO 2024-03-01<br>DEBUG_CONFIG: FIM DO ARQUIVO config.php<br>
2026-03-11 14:53:48 [WARNING] BUFFER CAPTURADO ANTES DO JSON (SUCCESS): DEBUG_CONFIG: INÍCIO DO ARQUIVO config.php - VERSÃO 2024-03-01<br>DEBUG_CONFIG: FIM DO ARQUIVO config.php<br>
2026-03-11 15:44:19 [WARNING] BUFFER CAPTURADO ANTES DO JSON (SUCCESS): DEBUG_CONFIG: INÍCIO DO ARQUIVO config.php - VERSÃO 2024-03-01<br>DEBUG_CONFIG: FIM DO ARQUIVO config.php<br>
2026-03-11 16:02:02 [WARNING] BUFFER CAPTURADO ANTES DO JSON (ERROR): DEBUG_CONFIG: INÍCIO DO ARQUIVO config.php - VERSÃO 2024-03-01<br>DEBUG_CONFIG: FIM DO ARQUIVO config.php<br>
2026-03-11 16:09:07 [WARNING] BUFFER CAPTURADO ANTES DO JSON (SUCCESS): DEBUG_CONFIG: INÍCIO DO ARQUIVO config.php - VERSÃO 2024-03-01<br>DEBUG_CONFIG: FIM DO ARQUIVO config.php<br>
2026-03-11 16:16:55 [WARNING] BUFFER CAPTURADO ANTES DO JSON (SUCCESS): DEBUG_CONFIG: INÍCIO DO ARQUIVO config.php - VERSÃO 2024-03-01<br>DEBUG_CONFIG: FIM DO ARQUIVO config.php<br>
2026-03-11 16:34:02 [WARNING] BUFFER CAPTURADO ANTES DO JSON (SUCCESS): DEBUG_CONFIG: INÍCIO DO ARQUIVO config.php - VERSÃO 2024-03-01<br>DEBUG_CONFIG: FIM DO ARQUIVO config.php<br>
2026-03-11 16:36:33 [WARNING] BUFFER CAPTURADO ANTES DO JSON (SUCCESS): DEBUG_CONFIG: INÍCIO DO ARQUIVO config.php - VERSÃO 2024-03-01<br>DEBUG_CONFIG: FIM DO ARQUIVO config.php<br>
2026-03-11 16:43:52 [WARNING] BUFFER CAPTURADO ANTES DO JSON (SUCCESS): DEBUG_CONFIG: INÍCIO DO ARQUIVO config.php - VERSÃO 2024-03-01<br>DEBUG_CONFIG: FIM DO ARQUIVO config.php<br>
2026-03-11 16:49:50 [WARNING] BUFFER CAPTURADO ANTES DO JSON (SUCCESS): DEBUG_CONFIG: INÍCIO DO ARQUIVO config.php - VERSÃO 2024-03-01<br>DEBUG_CONFIG: FIM DO ARQUIVO config.php<br>
2026-03-11 16:50:46 [WARNING] BUFFER CAPTURADO ANTES DO JSON (SUCCESS): DEBUG_CONFIG: INÍCIO DO ARQUIVO config.php - VERSÃO 2024-03-01<br>DEBUG_CONFIG: FIM DO ARQUIVO config.php<br>
