2026-01-05 11:19:09 [INFO] Transação do DB para replicação de 2025-12 para 2026-01 confirmada. 175 registros adicionados.
2026-01-05 11:33:14 [INFO] Transação do DB para replicação de 2025-12 para 2026-01 confirmada. 175 registros adicionados.
2026-01-06 09:44:33 [INFO] Transação do DB para replicação de 2025-12 para 2026-01 confirmada. 175 registros adicionados.
2026-01-09 10:15:21 [INFO] Transação do DB para replicação de 2027-01 para 2028-01 confirmada. 1 registros adicionados.
2026-01-09 10:49:49 [INFO] Transação do DB para replicação de 2027-01 para 2027-13 confirmada. 1 registros adicionados.
2026-01-09 10:52:01 [INFO] Transação do DB para replicação de 2027-01 para 2028-01 confirmada. 1 registros adicionados.
2026-01-09 10:53:02 [INFO] Transação do DB para replicação de 2027-01 para 2028-13 confirmada. 1 registros adicionados.
2026-01-12 09:16:52 [INFO] Transação do DB para replicação de 2027-01 para 2029-13 confirmada. 1 registros adicionados.
2026-01-14 11:32:06 [INFO] Transação do DB para replicação de 2027-01 para 2028-13 confirmada. 1 registros adicionados.
2026-01-15 10:14:37 [INFO] Transação do DB para replicação de 2027-01 para 2029-13 confirmada. 1 registros adicionados.
2026-01-16 11:20:24 [INFO] Transação do DB para replicação de 2027-01 para 2029-01 confirmada. 1 registros adicionados.
2026-01-16 11:36:07 [INFO] Transação do DB para replicação de 2028-13-P2 para 2029-13-P2 confirmada. 1 registros adicionados.
2026-01-16 11:38:06 [INFO] Transação do DB para replicação de 2028-13-P1 para 2029-13-P1 confirmada. 1 registros adicionados.
2026-01-16 11:47:16 [INFO] Transação do DB para replicação de 2028-13 para 2029-13-P2 confirmada. 2 registros adicionados.
2026-01-16 11:48:50 [INFO] Transação do DB para replicação de 2029-13 para 2030-13-P2 confirmada. 1 registros adicionados.
2026-01-16 12:09:11 [INFO] Transação do DB para replicação de 2029-13 para 2030-13-P2 confirmada. 5 registros adicionados. Mensagem final: Sucesso! 5 registro(s) replicado(s) de 2029-13 para 2030-13-P2. Já existiam 1 registro(s) no mês de destino. Total agora: 6.
2026-01-16 12:21:14 [INFO] Transação do DB para replicação de 2029-13 para 2030-13-P1 confirmada. 5 registros adicionados. Mensagem final: Sucesso! 5 registro(s) replicado(s) de 2029-13 para 2030-13-P1. Já existiam 6 registro(s) no mês de destino. Total agora: 11.
2026-01-16 12:29:27 [INFO] Transação do DB para replicação de 2028-13 para 2029-13-P1 confirmada. 4 registros adicionados. Mensagem final: Sucesso! 4 registro(s) replicado(s) de 2028-13 para 2029-13-P1. Já existiam 5 registro(s) no mês de destino. Total agora: 9.
2026-01-16 12:30:17 [INFO] Transação do DB para replicação de 2027-01 para 2030-01 confirmada. 1 registros adicionados. Mensagem final: Sucesso! 1 registro(s) replicado(s) de 2027-01 para 2030-01. Nenhum registro existia previamente no mês de destino.
2026-01-16 12:30:41 [INFO] Transação do DB para replicação de 2027-01 para 2030-01 confirmada. 1 registros adicionados. Mensagem final: Sucesso! 1 registro(s) replicado(s) de 2027-01 para 2030-01. Já existiam 1 registro(s) no mês de destino. Total agora: 2.
2026-01-16 12:31:06 [INFO] Transação do DB para replicação de 2027-01 para 2030-01 confirmada. 1 registros adicionados. Mensagem final: Sucesso! 1 registro(s) replicado(s) de 2027-01 para 2030-01. Já existiam 2 registro(s) no mês de destino. Total agora: 3.
2026-01-16 12:31:37 [INFO] Transação do DB para replicação de 2027-01 para 2030-01 confirmada. 1 registros adicionados.
2026-01-16 12:32:32 [INFO] Transação do DB para replicação de 2026-13 para 2027-13-P1 confirmada. 3 registros adicionados.
2026-01-16 12:46:03 [INFO] Transação do DB para replicação de 2027-13 para 2028-13-P1 confirmada. 3 registros adicionados. Mensagem final: Sucesso! 3 registro(s) replicado(s) de 2027-13 para 2028-13-P1. Já existiam 4 registro(s) no mês de destino. Total agora: 7.
2026-01-16 12:51:15 [INFO] Transação do DB para replicação de 2026-13 para 2027-13-P1 confirmada. 3 registros adicionados. Mensagem final: Sucesso! 3 registro(s) replicado(s) de 2026-13 para 2027-13-P1. Já existiam 3 registro(s) no mês de destino. Total agora: 6.
2026-01-16 13:04:26 [INFO] Transação do DB para replicação de 2027-01 para 2030-01 confirmada. 1 registros adicionados.
2026-01-16 13:12:19 [INFO] Transação do DB para replicação de 2027-13 para 2028-13-P1 confirmada. 6 registros adicionados. Mensagem final: Sucesso! 6 registro(s) replicado(s) de 2027-13 para 2028-13-P1. Já existiam 7 registro(s) no mês de destino. Total agora: 13.
2026-01-16 13:12:53 [INFO] Transação do DB para replicação de 2027-01 para 2030-01 confirmada. 1 registros adicionados. Mensagem final: Sucesso! 1 registro(s) replicado(s) de 2027-01 para 2030-01. Já existiam 5 registro(s) no mês de destino. Total agora: 6.
2026-01-16 13:13:43 [INFO] Transação do DB para replicação de 2027-13 para 2028-13-P1 confirmada. 6 registros adicionados. Mensagem final: Sucesso! 6 registro(s) replicado(s) de 2027-13 para 2028-13-P1. Já existiam 13 registro(s) no mês de destino. Total agora: 19.
2026-01-16 13:14:23 [INFO] Transação do DB para replicação de 2027-01 para 2030-01 confirmada. 1 registros adicionados. Mensagem final: Sucesso! 1 registro(s) replicado(s) de 2027-01 para 2030-01. Já existiam 6 registro(s) no mês de destino. Total agora: 7.
2026-01-16 13:22:22 [INFO] Transação do DB para replicação de 2027-13 para 2028-13-P1 confirmada. 6 registros adicionados. Mensagem final: Sucesso! 6 registro(s) replicado(s) de 2027-13 para 2028-13-P1. Já existiam 19 registro(s) no mês de destino. Total agora: 25.
2026-01-16 13:23:08 [INFO] Transação do DB para replicação de 2027-01 para 2030-01 confirmada. 1 registros adicionados. Mensagem final: Sucesso! 1 registro(s) replicado(s) de 2027-01 para 2030-01. Já existiam 7 registro(s) no mês de destino. Total agora: 8.
2026-01-16 13:54:32 [INFO] Transação do DB para replicação de 2027-13 para 2028-13-P1 confirmada. 6 registros adicionados. Mensagem final: Sucesso! 6 registro(s) replicado(s) de 2027-13 para 2028-13-P1. Já existiam 25 registro(s) no mês de destino. Total agora: 31.
2026-01-16 14:01:58 [INFO] Transação do DB para replicação de 2027-13 para 2028-13-P1 confirmada. 6 registros adicionados. Mensagem final: Sucesso! 6 registro(s) replicado(s) de 2027-13 para 2028-13-P1. Já existiam 31 registro(s) no mês de destino. Total agora: 37.
2026-01-16 14:10:42 [INFO] Transação do DB para replicação de 2027-01 para 2029-01 confirmada. 1 registros adicionados.
2026-01-16 14:21:54 [INFO] Transação do DB para replicação de 2027-01 para 2029-01 confirmada. 1 registros adicionados.
2026-01-19 08:41:57 [INFO] Transação do DB para replicação de 2027-01 para 2030-01 confirmada. 1 registros adicionados.
2026-01-20 15:38:48 [INFO] Transação do DB para replicação de 2027-01 para 2028-01 confirmada. 1 registros adicionados. Mensagem final: Sucesso! 1 registro(s) replicado(s) de 2027-01 para 2028-01. Nenhum registro existia previamente no mês de destino.
2026-01-20 15:40:09 [INFO] Transação do DB para replicação de 2026-13-P1 para 2027-13-P1 confirmada. 1 registros adicionados. Mensagem final: Sucesso! 1 registro(s) replicado(s) de 2026-13-P1 para 2027-13-P1. Já existiam 6 registro(s) no mês de destino. Total agora: 7.
2026-01-20 15:40:52 [INFO] Transação do DB para replicação de 2028-13-P2 para 2029-13-P2 confirmada. 1 registros adicionados. Mensagem final: Sucesso! 1 registro(s) replicado(s) de 2028-13-P2 para 2029-13-P2. Já existiam 9 registro(s) no mês de destino. Total agora: 10.
2026-01-20 15:41:22 [INFO] Transação do DB para replicação de 2029-13-P2 para 2031-13-P2 confirmada. 4 registros adicionados. Mensagem final: Sucesso! 4 registro(s) replicado(s) de 2029-13-P2 para 2031-13-P2. Nenhum registro existia previamente no mês de destino.
2026-01-20 16:18:56 [INFO] Transação do DB para replicação de 2027-13-P2 para 2028-13-P1 confirmada. 3 registros adicionados. Mensagem final: Sucesso! 3 registro(s) replicado(s) de 2027-13-P2 para 2028-13-P1. Já existiam 2 registro(s) no mês de destino. Total agora: 5.
2026-01-20 16:23:41 [INFO] Transação do DB para replicação de 2027-01 para 2028-13-P1 confirmada. 1 registros adicionados. Mensagem final: Sucesso! 1 registro(s) replicado(s) de 2027-01 para 2028-13-P1. Nenhum registro existia previamente no mês de destino.
2026-01-26 11:34:26 [INFO] Transação do DB para replicação de 2026-01 para 2026-02 confirmada. 202 registros adicionados. Mensagem final: Sucesso! 202 registro(s) replicado(s) de 2026-01 para 2026-02. Já existiam 1 registro(s) no mês de destino. Total agora: 203.
2026-01-26 11:36:05 [INFO] Transação do DB para replicação de 2026-01 para 2026-02 confirmada. 202 registros adicionados. Mensagem final: Sucesso! 202 registro(s) replicado(s) de 2026-01 para 2026-02. Já existiam 203 registro(s) no mês de destino. Total agora: 405.
2026-01-26 11:38:19 [INFO] Transação do DB para replicação de 2026-01 para 2026-02 confirmada. 202 registros adicionados. Mensagem final: Sucesso! 202 registro(s) replicado(s) de 2026-01 para 2026-02. Já existiam 405 registro(s) no mês de destino. Total agora: 607.
2026-01-28 10:28:08 [INFO] Transação do DB para replicação de 2026-01 para 2026-02 confirmada. 202 registros adicionados. Mensagem final: Sucesso! 202 registro(s) replicado(s) de 2026-01 para 2026-02. Nenhum registro existia previamente no mês de destino.
2026-02-02 11:08:47 [INFO] Transação do DB para replicação de 2026-02 para 2026-03 confirmada. 205 registros adicionados. Mensagem final: Sucesso! 205 registro(s) replicado(s) de 2026-02 para 2026-03. Nenhum registro existia previamente no mês de destino.
2026-03-02 09:01:29 [INFO] Transação do DB para replicação de 2026-02 para 2027-03 confirmada. 224 registros adicionados. Mensagem final: Sucesso! 224 registro(s) replicado(s) de 2026-02 para 2027-03. Nenhum registro existia previamente no mês de destino.
2026-03-04 10:03:34 [INFO] Transação do DB para replicação de 2026-02 para 2026-03 confirmada. 224 registros adicionados. Mensagem final: Sucesso! 224 registro(s) replicado(s) de 2026-02 para 2026-03. Já existiam 196 registro(s) no mês de destino. Total agora: 420.
2026-03-04 11:53:43 [INFO] Transação do DB para replicação de 2026-04 para 2026-05 confirmada. 1 registros adicionados. Mensagem final: Sucesso! 1 registro(s) replicado(s) de 2026-04 para 2026-05. Nenhum registro existia previamente no mês de destino.
2026-03-11 14:47:41 [INFO] Transação do DB para replicação de 2026-03 para 2026-04 confirmada. 322 registros adicionados. Mensagem final: Sucesso! 322 registro(s) replicado(s) de 2026-03 para 2026-04. Nenhum registro existia previamente no mês de destino.
2026-03-11 14:53:48 [INFO] Transação do DB para replicação de 2026-03 para 2026-04 confirmada. 322 registros adicionados. Mensagem final: Sucesso! 322 registro(s) replicado(s) de 2026-03 para 2026-04. Nenhum registro existia previamente no mês de destino.
2026-03-11 15:44:19 [INFO] Transação do DB para replicação de 2026-03 para 2026-04 confirmada. 322 registros adicionados. Replicação: TODOS. Mensagem final: Sucesso! 322 registro(s) (TODOS) replicado(s) de 2026-03 para 2026-04. Nenhum registro existia previamente no mês de destino.
2026-03-11 16:09:07 [INFO] Transação do DB para replicação de 2026-03 para 2026-04 confirmada. 3 registros adicionados. Replicação: SELECIONADOS. Mensagem final: Sucesso! 3 registro(s) (SELECIONADOS) replicado(s) de 2026-03 para 2026-04. Nenhum registro existia previamente no mês de destino.
2026-03-11 16:16:55 [INFO] Transação do DB para replicação de 2026-03 para 2027-13-P1 confirmada. 3 registros adicionados. Replicação: SELECIONADOS. Mensagem final: Sucesso! 3 registro(s) (SELECIONADOS) replicado(s) de 2026-03 para 2027-13-P1. Nenhum registro existia previamente no mês de destino.
2026-03-11 16:34:02 [INFO] Transação do DB para replicação de 2026-03 para 2026-04 confirmada. 322 registros adicionados. Replicação: SELECIONADOS. Mensagem final: Sucesso! 322 registro(s) (SELECIONADOS) replicado(s) de 2026-03 para 2026-04. Nenhum registro existia previamente no mês de destino.
2026-03-11 16:36:33 [INFO] Transação do DB para replicação de 2026-03 para 2026-04 confirmada. 322 registros adicionados. Replicação: SELECIONADOS. Mensagem final: Sucesso! 322 registro(s) (SELECIONADOS) replicado(s) de 2026-03 para 2026-04. Já existiam 10 registro(s) no mês de destino. Total agora: 332.
2026-03-11 16:43:52 [INFO] Transação do DB para replicação de 2026-03 para 2026-04 confirmada. 322 registros adicionados. Replicação: SELECIONADOS. Mensagem final: Sucesso! 322 registro(s) (SELECIONADOS) replicado(s) de 2026-03 para 2026-04. Nenhum registro existia previamente no mês de destino.
2026-03-11 16:49:50 [INFO] Transação do DB para replicação de 2026-03 para 2026-04 confirmada. 3 registros adicionados. Replicação: SELECIONADOS. Mensagem final: Sucesso! 3 registro(s) (SELECIONADOS) replicado(s) de 2026-03 para 2026-04. Já existiam 322 registro(s) no mês de destino. Total agora: 325.
2026-03-11 16:50:46 [INFO] Transação do DB para replicação de 2026-03 para 2026-04 confirmada. 3 registros adicionados. Replicação: SELECIONADOS. Mensagem final: Sucesso! 3 registro(s) (SELECIONADOS) replicado(s) de 2026-03 para 2026-04. Já existiam 319 registro(s) no mês de destino. Total agora: 322.
